<?xml version="1.0" encoding="UTF-8"?>
<testsuite name="ShoppingCartTest" tests="1" skipped="0" failures="0" errors="0" timestamp="2021-10-05T19:59:32" hostname="LTUS146506" time="0.018">
  <properties/>
  <testcase name="listItemsInCartOnSale()" classname="ShoppingCartTest" time="0.018"/>
  <system-out><![CDATA[]]></system-out>
  <system-err><![CDATA[]]></system-err>
</testsuite>
