<?xml version="1.0" encoding="UTF-8"?>
<testsuite name="ShoppingCartTest" tests="2" skipped="0" failures="0" errors="0" timestamp="2021-09-30T20:32:49" hostname="LTUS146506" time="0.021">
  <properties/>
  <testcase name="checkPriceSubTotal()" classname="ShoppingCartTest" time="0.019"/>
  <testcase name="getCartSize()" classname="ShoppingCartTest" time="0.001"/>
  <system-out><![CDATA[Add item and check subtotal of item
Get initial cart size
]]></system-out>
  <system-err><![CDATA[]]></system-err>
</testsuite>
